number,value,datetime_start,datetime_complete,duration,params_batch_size,params_dropout,params_hidden,params_learning_rate,state
0,0.037153913329044976,2026-09-29 16:11:33.200400,2026-09-29 16:12:02.417631,0 days 00:00:29.217231,1024,0.17959754525911098,64,0.0004296748115469076,COMPLETE
1,0.03635229294498762,2026-09-29 16:12:02.542053,2026-09-29 16:12:19.315711,0 days 00:00:16.773658,256,0.29097295564859826,64,0.0020396887264773375,COMPLETE
2,0.038315018018086754,2026-09-29 16:12:19.609713,2026-09-29 16:12:42.046902,0 days 00:00:22.437189,1024,0.08736874205941257,64,0.0012273661723331349,COMPLETE
3,0.03556211789449056,2026-09-29 16:12:42.331931,2026-09-29 16:13:06.452909,0 days 00:00:24.120978,512,0.15427033152408348,64,0.0011736424885649085,COMPLETE
4,0.04714054117600123,2026-09-29 16:13:06.811940,2026-09-29 16:13:36.105487,0 days 00:00:29.293547,512,0.24251920443493832,128,0.0006049716507542575,COMPLETE
5,0.043549273163080215,2026-09-29 16:13:36.431793,2026-09-29 16:14:11.276781,0 days 00:00:34.844988,256,0.2727961206236346,64,0.0005443788406047074,COMPLETE
6,0.09568126872181892,2026-09-29 16:14:11.615534,2026-09-29 16:14:47.800891,0 days 00:00:36.185357,1024,0.23253984700833435,128,0.0026098779385539945,COMPLETE
7,0.035779114812612534,2026-09-29 16:14:48.137080,2026-09-29 16:15:11.635179,0 days 00:00:23.498099,512,0.0975990992289793,64,0.0007341732292197032,COMPLETE
8,0.03913976686696211,2026-09-29 16:15:11.925869,2026-09-29 16:15:47.056355,0 days 00:00:35.130486,256,0.2406590942262119,64,0.000356181942760077,COMPLETE
9,0.0373097068319718,2026-09-29 16:15:47.397816,2026-09-29 16:16:09.967180,0 days 00:00:22.569364,512,0.21870215041229618,64,0.0017717057775181906,COMPLETE
10,0.032188807924588524,2026-09-29 16:16:10.303162,2026-09-29 16:16:34.254849,0 days 00:00:23.951687,512,0.0017991548867452023,32,0.0010335098586096501,COMPLETE
11,0.031916952381531395,2026-09-29 16:16:34.556051,2026-09-29 16:16:56.662248,0 days 00:00:22.106197,512,0.011617559988354953,32,0.0010577647397093256,COMPLETE
12,0.03172036757071813,2026-09-29 16:16:56.992321,2026-09-29 16:17:21.953832,0 days 00:00:24.961511,512,0.0012114744506958267,32,0.0009981260915775225,COMPLETE
13,0.033717562134067215,2026-09-29 16:17:22.283842,2026-09-29 16:17:46.188110,0 days 00:00:23.904268,512,0.008285653234477934,32,0.0008420012193135466,COMPLETE
14,0.03250819630920887,2026-09-29 16:17:46.522034,2026-09-29 16:18:08.378251,0 days 00:00:21.856217,512,0.05129725931047853,32,0.001432646531712396,COMPLETE
15,0.03301012391845385,2026-09-29 16:18:08.710648,2026-09-29 16:18:35.449105,0 days 00:00:26.738457,512,0.06018537330331729,32,0.0008827271281267215,COMPLETE
16,0.03319496723512808,2026-09-29 16:18:35.760526,2026-09-29 16:18:55.638160,0 days 00:00:19.877634,512,0.036326968152982766,32,0.0017743971795356282,COMPLETE
17,0.031912000849843025,2026-09-29 16:18:55.969165,2026-09-29 16:19:16.847335,0 days 00:00:20.878170,512,0.11364539398759473,32,0.0029955991132881547,COMPLETE
18,0.030832509820659954,2026-09-29 16:19:17.170911,2026-09-29 16:19:39.177614,0 days 00:00:22.006703,256,0.1300359594414937,32,0.0029688980662046878,COMPLETE
19,0.030802854647239048,2026-09-29 16:19:39.512649,2026-09-29 16:20:10.590860,0 days 00:00:31.078211,256,0.15166742310877968,32,0.0021570918616401038,COMPLETE
