number,value,datetime_start,datetime_complete,duration,params_colsample_bytree,params_learning_rate,params_max_depth,params_min_child_weight,params_subsample,state
0,0.041722930346926056,2026-09-29 14:48:47.778058,2026-09-29 14:48:48.980457,0 days 00:00:01.202399,0.7993292420985183,0.17254716573280354,5,4,0.8659969709057025,COMPLETE
1,0.03910843407114347,2026-09-29 14:48:49.240713,2026-09-29 14:48:54.457829,0 days 00:00:05.217116,0.8005575058716043,0.011900590783184251,4,15,0.9330880728874675,COMPLETE
2,0.038799683252970375,2026-09-29 14:48:54.688542,2026-09-29 14:48:55.928044,0 days 00:00:01.239502,0.6061695553391381,0.18276027831785724,3,4,0.9162213204002109,COMPLETE
3,0.039153809969623886,2026-09-29 14:48:56.168990,2026-09-29 14:48:59.012819,0 days 00:00:02.843829,0.7159725093210578,0.024878734419814436,4,6,0.762378215816119,COMPLETE
4,0.0415797991057237,2026-09-29 14:48:59.258469,2026-09-29 14:49:05.870301,0 days 00:00:06.611832,0.6831809216468459,0.01518747922672247,7,10,0.6460723242676091,COMPLETE
5,0.04170382209122181,2026-09-29 14:49:06.110242,2026-09-29 14:49:18.970806,0 days 00:00:12.860564,0.7962072844310213,0.018187859051288217,9,1,0.7571172192068059,COMPLETE
6,0.03858882002532482,2026-09-29 14:49:19.201327,2026-09-29 14:49:23.808297,0 days 00:00:04.606970,0.9744427686266666,0.016666983286066417,7,20,0.5325257964926398,COMPLETE
7,0.0411409375568231,2026-09-29 14:49:24.044491,2026-09-29 14:49:29.208230,0 days 00:00:05.163739,0.8421165132560784,0.0249064396938244,9,9,0.5488360570031919,COMPLETE
8,0.034284903978308044,2026-09-29 14:49:29.442126,2026-09-29 14:49:30.888820,0 days 00:00:01.446694,0.954660201039391,0.04407984038169244,3,6,0.5171942605576092,COMPLETE
9,0.041971259439984955,2026-09-29 14:49:31.119200,2026-09-29 14:49:36.676386,0 days 00:00:05.557186,0.7733551396716398,0.02544166090938368,8,4,0.7600340105889054,COMPLETE
10,0.04125418762365977,2026-09-29 14:49:36.921451,2026-09-29 14:49:41.364778,0 days 00:00:04.443327,0.5089809378074099,0.06355764381273397,10,15,0.6403991575948973,COMPLETE
11,0.03842532820999622,2026-09-29 14:49:41.615637,2026-09-29 14:49:43.434171,0 days 00:00:01.818534,0.9907796453307647,0.05243600136835885,6,20,0.5035460585665967,COMPLETE
12,0.038506061459581055,2026-09-29 14:49:43.674588,2026-09-29 14:49:45.491973,0 days 00:00:01.817385,0.9971173055385436,0.053291436624982695,6,20,0.5068742910298496,COMPLETE
13,0.035164752354224525,2026-09-29 14:49:45.716375,2026-09-29 14:49:46.958690,0 days 00:00:01.242315,0.9112320253004815,0.05762363175333005,3,15,0.6089267919181687,COMPLETE
14,0.03547675907611847,2026-09-29 14:49:47.193677,2026-09-29 14:49:48.157546,0 days 00:00:00.963869,0.8958845247142379,0.09653154125315228,3,14,0.6179902555694202,COMPLETE
15,0.03522048704326153,2026-09-29 14:49:48.400236,2026-09-29 14:49:49.432112,0 days 00:00:01.031876,0.894764940699009,0.08034477994094681,3,11,0.5771957169898174,COMPLETE
16,0.03866570567091306,2026-09-29 14:49:49.663243,2026-09-29 14:49:51.569392,0 days 00:00:01.906149,0.9101286078541589,0.03883679370376257,4,17,0.6857991190047775,COMPLETE
17,0.04122314602136612,2026-09-29 14:49:51.808710,2026-09-29 14:49:52.987155,0 days 00:00:01.178445,0.9348255893860187,0.09892816933690526,5,8,0.586973456022046,COMPLETE
18,0.03446043096482754,2026-09-29 14:49:53.230566,2026-09-29 14:49:55.039976,0 days 00:00:01.809410,0.8509352303615609,0.03761802734226122,3,12,0.7034928213202818,COMPLETE
19,0.04097181682785352,2026-09-29 14:49:55.288054,2026-09-29 14:49:56.990901,0 days 00:00:01.702847,0.8632456724567801,0.040036058366562724,5,12,0.7157900829906625,COMPLETE
