number,value,datetime_start,datetime_complete,duration,params_hidden,params_lr,params_steps,state
0,0.0325815932204326,2026-09-29 16:28:34.548638,2026-09-29 16:29:33.772588,0 days 00:00:59.223950,64,0.003968793330444372,2000,COMPLETE
1,0.030954917892813683,2026-09-29 16:29:34.131115,2026-09-29 16:30:32.761740,0 days 00:00:58.630625,32,0.0010485387725194617,2000,COMPLETE
2,0.03410134588678678,2026-09-29 16:30:33.099286,2026-09-29 16:32:58.457589,0 days 00:02:25.358303,128,0.003347776308515932,5000,COMPLETE
3,0.03283455719550451,2026-09-29 16:32:58.783776,2026-09-29 16:33:57.329699,0 days 00:00:58.545923,128,0.0028580510658069366,2000,COMPLETE
4,0.03245813958346844,2026-09-29 16:33:57.649732,2026-09-29 16:36:24.412241,0 days 00:02:26.762509,128,0.0014808945119975188,5000,COMPLETE
5,0.03312713963290056,2026-09-29 16:36:24.764493,2026-09-29 16:38:50.978145,0 days 00:02:26.213652,32,0.004833180632488467,5000,COMPLETE
6,0.03466674250861009,2026-09-29 16:38:51.321736,2026-09-29 16:41:17.641296,0 days 00:02:26.319560,64,0.004597505784732166,5000,COMPLETE
7,0.034754909574985504,2026-09-29 16:41:17.990386,2026-09-29 16:43:44.427682,0 days 00:02:26.437296,64,0.008699593128513324,5000,COMPLETE
8,0.032749198377132416,2026-09-29 16:43:44.761581,2026-09-29 16:46:11.754354,0 days 00:02:26.992773,64,0.002115097202168559,5000,COMPLETE
9,0.03262151777744293,2026-09-29 16:46:12.099163,2026-09-29 16:48:39.825145,0 days 00:02:27.725982,128,0.001383324997521996,5000,COMPLETE
10,0.030115991830825806,2026-09-29 16:48:40.175248,2026-09-29 16:50:11.495814,0 days 00:01:31.320566,32,0.001013904809038088,3000,COMPLETE
11,0.030147484814127285,2026-09-29 16:50:11.830328,2026-09-29 16:51:42.727926,0 days 00:01:30.897598,32,0.0010189110334277525,3000,COMPLETE
12,0.03009839604298274,2026-09-29 16:51:43.058993,2026-09-29 16:53:14.302877,0 days 00:01:31.243884,32,0.0010134885861800085,3000,COMPLETE
13,0.030876257146398228,2026-09-29 16:53:14.661837,2026-09-29 16:54:45.077408,0 days 00:01:30.415571,32,0.001622853421785797,3000,COMPLETE
14,0.03101995587348938,2026-09-29 16:54:45.401349,2026-09-29 16:56:14.817186,0 days 00:01:29.415837,32,0.0020698468266495585,3000,COMPLETE
15,0.030126482248306274,2026-09-29 16:56:15.118594,2026-09-29 16:57:43.372258,0 days 00:01:28.253664,32,0.001013405400789528,3000,COMPLETE
16,0.03052271467943986,2026-09-29 16:57:43.682399,2026-09-29 16:59:12.450634,0 days 00:01:28.768235,32,0.001379887900764781,3000,COMPLETE
17,0.03125553081432978,2026-09-29 16:59:12.783549,2026-09-29 17:00:43.094848,0 days 00:01:30.311299,32,0.0017359188951304564,3000,COMPLETE
18,0.030555798361698788,2026-09-29 17:00:43.445895,2026-09-29 17:02:15.205120,0 days 00:01:31.759225,32,0.0012276136465528568,3000,COMPLETE
19,0.031104821090896923,2026-09-29 17:02:15.551680,2026-09-29 17:03:45.526368,0 days 00:01:29.974688,32,0.0020202360547383,3000,COMPLETE
