number,value,datetime_start,datetime_complete,duration,params_max_depth,params_max_features,params_min_samples_leaf,params_n_estimators,state
0,0.04020038743813833,2026-09-29 14:49:57.388760,2026-09-29 14:50:01.873632,0 days 00:00:04.484872,29,1.0,15,250,COMPLETE
1,0.0401128064841032,2026-09-29 14:50:02.123636,2026-09-29 14:50:03.674491,0 days 00:00:01.550855,27,sqrt,13,100,COMPLETE
2,0.0410299152135849,2026-09-29 14:50:03.918012,2026-09-29 14:50:08.865812,0 days 00:00:04.947800,12,sqrt,4,450,COMPLETE
3,0.03986163375278314,2026-09-29 14:50:09.105470,2026-09-29 14:50:12.033913,0 days 00:00:02.928443,14,sqrt,13,250,COMPLETE
4,0.03986615128815174,2026-09-29 14:50:12.285041,2026-09-29 14:50:16.082541,0 days 00:00:03.797500,26,0.5,4,300,COMPLETE
5,0.04016446880996227,2026-09-29 14:50:16.313174,2026-09-29 14:50:20.705437,0 days 00:00:04.392263,11,0.5,2,350,COMPLETE
6,0.040282174944877625,2026-09-29 14:50:20.938133,2026-09-29 14:50:23.414299,0 days 00:00:02.476166,10,sqrt,14,200,COMPLETE
7,0.04261401854455471,2026-09-29 14:50:23.648830,2026-09-29 14:50:25.709300,0 days 00:00:02.060470,28,1.0,6,100,COMPLETE
8,0.035470547154545784,2026-09-29 14:50:25.954771,2026-09-29 14:50:29.439528,0 days 00:00:03.484757,12,0.5,20,300,COMPLETE
9,0.04112075579663118,2026-09-29 14:50:29.678419,2026-09-29 14:50:33.629695,0 days 00:00:03.951276,29,sqrt,2,350,COMPLETE
10,0.03539916190008322,2026-09-29 14:50:33.868389,2026-09-29 14:50:39.346203,0 days 00:00:05.477814,18,0.5,20,500,COMPLETE
11,0.03539916190008322,2026-09-29 14:50:39.586886,2026-09-29 14:50:45.050316,0 days 00:00:05.463430,18,0.5,20,500,COMPLETE
12,0.03539916190008322,2026-09-29 14:50:45.289377,2026-09-29 14:50:50.789364,0 days 00:00:05.499987,19,0.5,20,500,COMPLETE
13,0.03632203613718351,2026-09-29 14:50:51.034281,2026-09-29 14:50:56.528456,0 days 00:00:05.494175,19,0.5,17,500,COMPLETE
14,0.03634351429839929,2026-09-29 14:50:56.771075,2026-09-29 14:51:01.762279,0 days 00:00:04.991204,19,0.5,17,450,COMPLETE
15,0.038379402831196785,2026-09-29 14:51:02.009617,2026-09-29 14:51:07.044513,0 days 00:00:05.034896,23,0.5,10,450,COMPLETE
16,0.03606750629842281,2026-09-29 14:51:07.290534,2026-09-29 14:51:11.827392,0 days 00:00:04.536858,16,0.5,18,400,COMPLETE
17,0.03856419585645199,2026-09-29 14:51:12.070127,2026-09-29 14:51:18.842771,0 days 00:00:06.772644,23,1.0,20,500,COMPLETE
18,0.03832532341281573,2026-09-29 14:51:19.081354,2026-09-29 14:51:23.619404,0 days 00:00:04.538050,16,0.5,10,400,COMPLETE
19,0.03606750629842281,2026-09-29 14:51:23.869464,2026-09-29 14:51:28.401759,0 days 00:00:04.532295,22,0.5,18,400,COMPLETE
