number,value,datetime_start,datetime_complete,duration,params_batch_size,params_dropout,params_hidden,params_learning_rate,state
0,0.03584114027520021,2026-09-29 16:06:36.642227,2026-09-29 16:06:47.179083,0 days 00:00:10.536856,1024,0.17959754525911098,64,0.0004296748115469076,COMPLETE
1,0.02735879272222519,2026-09-29 16:06:47.554922,2026-09-29 16:07:03.899340,0 days 00:00:16.344418,256,0.29097295564859826,64,0.0020396887264773375,COMPLETE
2,0.03355587460100651,2026-09-29 16:07:04.206997,2026-09-29 16:07:11.660936,0 days 00:00:07.453939,1024,0.08736874205941257,64,0.0012273661723331349,COMPLETE
3,0.02880416562159856,2026-09-29 16:07:12.013290,2026-09-29 16:07:25.717209,0 days 00:00:13.703919,512,0.15427033152408348,64,0.0011736424885649085,COMPLETE
4,0.03220826325317224,2026-09-29 16:07:26.064110,2026-09-29 16:07:35.739463,0 days 00:00:09.675353,512,0.24251920443493832,128,0.0006049716507542575,COMPLETE
5,0.028597688923279446,2026-09-29 16:07:36.058009,2026-09-29 16:07:58.029954,0 days 00:00:21.971945,256,0.2727961206236346,64,0.0005443788406047074,COMPLETE
6,0.03238271673520406,2026-09-29 16:07:58.344485,2026-09-29 16:08:05.983310,0 days 00:00:07.638825,1024,0.23253984700833435,128,0.0026098779385539945,COMPLETE
7,0.03478618462880453,2026-09-29 16:08:06.292667,2026-09-29 16:08:16.321318,0 days 00:00:10.028651,512,0.0975990992289793,64,0.0007341732292197032,COMPLETE
8,0.02912447787821293,2026-09-29 16:08:16.604013,2026-09-29 16:08:42.334116,0 days 00:00:25.730103,256,0.2406590942262119,64,0.000356181942760077,COMPLETE
9,0.027515608196457226,2026-09-29 16:08:42.662922,2026-09-29 16:08:55.144567,0 days 00:00:12.481645,512,0.21870215041229618,64,0.0017717057775181906,COMPLETE
10,0.03449076600372791,2026-09-29 16:08:55.432354,2026-09-29 16:09:05.031044,0 days 00:00:09.598690,256,0.0017991548867452023,32,0.0027967803877874393,COMPLETE
11,0.03307574614882469,2026-09-29 16:09:05.351163,2026-09-29 16:09:17.225021,0 days 00:00:11.873858,512,0.2722994385847553,32,0.0016599919546569453,COMPLETE
12,0.02576601877808571,2026-09-29 16:09:17.579061,2026-09-29 16:09:35.756781,0 days 00:00:18.177720,256,0.29798488301302956,64,0.0017401081787302537,COMPLETE
13,0.026513997465372086,2026-09-29 16:09:36.081877,2026-09-29 16:09:52.922355,0 days 00:00:16.840478,256,0.2986025419841898,64,0.001886609034305995,COMPLETE
14,0.02608887602885564,2026-09-29 16:09:53.263069,2026-09-29 16:10:09.399998,0 days 00:00:16.136929,256,0.2997017949548977,128,0.0011216655288238135,COMPLETE
15,0.02645060544212659,2026-09-29 16:10:09.728259,2026-09-29 16:10:24.934769,0 days 00:00:15.206510,256,0.18340943871448587,128,0.0009777344235373157,COMPLETE
16,0.025876163815458614,2026-09-29 16:10:25.263614,2026-09-29 16:10:41.114858,0 days 00:00:15.851244,256,0.298489187441928,128,0.0009086774438815887,COMPLETE
17,0.026551948860287666,2026-09-29 16:10:41.432428,2026-09-29 16:10:56.280900,0 days 00:00:14.848472,256,0.26439621884192854,128,0.0008227188013264201,COMPLETE
18,0.031025081252058346,2026-09-29 16:10:56.578633,2026-09-29 16:11:17.631221,0 days 00:00:21.052588,256,0.20298968669518955,32,0.0014633586082891186,COMPLETE
19,0.028694310535987217,2026-09-29 16:11:17.935405,2026-09-29 16:11:32.741663,0 days 00:00:14.806258,256,0.2616676892651169,128,0.0022512542727160722,COMPLETE
