number,value,datetime_start,datetime_complete,duration,params_batch_size,params_dropout,params_hidden,params_learning_rate,state
0,0.03250356142719587,2026-09-29 16:20:11.063034,2026-09-29 16:20:31.773835,0 days 00:00:20.710801,1024,0.17959754525911098,64,0.0004296748115469076,COMPLETE
1,0.030258691559235256,2026-09-29 16:20:32.127631,2026-09-29 16:21:10.041999,0 days 00:00:37.914368,256,0.29097295564859826,64,0.0020396887264773375,COMPLETE
2,0.03123161382973194,2026-09-29 16:21:10.376725,2026-09-29 16:21:24.863471,0 days 00:00:14.486746,1024,0.08736874205941257,64,0.0012273661723331349,COMPLETE
3,0.028528709585467976,2026-09-29 16:21:25.180230,2026-09-29 16:21:49.773554,0 days 00:00:24.593324,512,0.15427033152408348,64,0.0011736424885649085,COMPLETE
4,0.032111192122101784,2026-09-29 16:21:50.104547,2026-09-29 16:22:09.900494,0 days 00:00:19.795947,512,0.24251920443493832,128,0.0006049716507542575,COMPLETE
5,0.03012214166422685,2026-09-29 16:22:10.209744,2026-09-29 16:22:44.898505,0 days 00:00:34.688761,256,0.2727961206236346,64,0.0005443788406047074,COMPLETE
6,0.0374361015856266,2026-09-29 16:22:45.222985,2026-09-29 16:23:00.402935,0 days 00:00:15.179950,1024,0.23253984700833435,128,0.0026098779385539945,COMPLETE
7,0.029745713497201603,2026-09-29 16:23:00.733065,2026-09-29 16:23:30.495967,0 days 00:00:29.762902,512,0.0975990992289793,64,0.0007341732292197032,COMPLETE
8,0.030910247936844826,2026-09-29 16:23:30.821887,2026-09-29 16:24:06.124522,0 days 00:00:35.302635,256,0.2406590942262119,64,0.000356181942760077,COMPLETE
9,0.02833005227148533,2026-09-29 16:24:06.412743,2026-09-29 16:24:28.870780,0 days 00:00:22.458037,512,0.21870215041229618,64,0.0017717057775181906,COMPLETE
10,0.029518707965811092,2026-09-29 16:24:29.203820,2026-09-29 16:24:56.577375,0 days 00:00:27.373555,512,0.0017991548867452023,32,0.0014901811245268803,COMPLETE
11,0.03801931565006574,2026-09-29 16:24:56.901636,2026-09-29 16:25:19.332175,0 days 00:00:22.430539,512,0.1557261295772217,32,0.0010577647397093256,COMPLETE
12,0.027860074614485104,2026-09-29 16:25:19.648314,2026-09-29 16:25:42.349403,0 days 00:00:22.701089,512,0.16873511341494185,64,0.0017401081787302537,COMPLETE
13,0.027975521981716156,2026-09-29 16:25:42.673321,2026-09-29 16:26:08.740227,0 days 00:00:26.066906,512,0.17876124693342416,64,0.0019014331480544987,COMPLETE
14,0.0328634741405646,2026-09-29 16:26:09.072526,2026-09-29 16:26:33.588425,0 days 00:00:24.515899,512,0.10737686331366232,128,0.0025906333166213318,COMPLETE
15,0.03305757914980253,2026-09-29 16:26:33.911111,2026-09-29 16:27:00.477789,0 days 00:00:26.566678,512,0.18694147941378952,32,0.0008827271281267215,COMPLETE
16,0.02857592764000098,2026-09-29 16:27:00.804914,2026-09-29 16:27:20.959557,0 days 00:00:20.154643,512,0.12686215041377238,64,0.0019294744160210913,COMPLETE
17,0.028405163437128067,2026-09-29 16:27:21.280422,2026-09-29 16:27:43.359349,0 days 00:00:22.078927,512,0.053608584217925304,64,0.0029955991132881547,COMPLETE
18,0.029333413889010746,2026-09-29 16:27:43.669454,2026-09-29 16:28:18.378741,0 days 00:00:34.709287,256,0.19551405532581134,32,0.0014633586082891186,COMPLETE
19,0.03814077004790306,2026-09-29 16:28:18.718605,2026-09-29 16:28:34.049515,0 days 00:00:15.330910,1024,0.14467993799543202,128,0.0021788995508958656,COMPLETE
