number,value,datetime_start,datetime_complete,duration,params_batch_size,params_dropout,params_hidden,params_learning_rate,state
0,0.06261767198642094,2026-09-29 15:22:21.226786,2026-09-29 15:23:23.123896,0 days 00:01:01.897110,1024,0.17959754525911098,64,0.0004296748115469076,COMPLETE
1,0.027796945224205654,2026-09-29 15:23:23.421382,2026-09-29 15:25:50.834718,0 days 00:02:27.413336,256,0.29097295564859826,64,0.0020396887264773375,COMPLETE
2,0.04527932032942772,2026-09-29 15:25:51.125533,2026-09-29 15:26:51.353752,0 days 00:01:00.228219,1024,0.08736874205941257,64,0.0012273661723331349,COMPLETE
3,0.034140221774578094,2026-09-29 15:26:51.648182,2026-09-29 15:28:35.663326,0 days 00:01:44.015144,512,0.15427033152408348,64,0.0011736424885649085,COMPLETE
4,0.03836123707393805,2026-09-29 15:28:35.964152,2026-09-29 15:30:21.326099,0 days 00:01:45.361947,512,0.24251920443493832,128,0.0006049716507542575,COMPLETE
5,0.03628879909714063,2026-09-29 15:30:21.619726,2026-09-29 15:33:39.053384,0 days 00:03:17.433658,256,0.2727961206236346,64,0.0005443788406047074,COMPLETE
6,0.031425841152668,2026-09-29 15:33:39.340605,2026-09-29 15:34:32.502737,0 days 00:00:53.162132,1024,0.23253984700833435,128,0.0026098779385539945,COMPLETE
7,0.04132004206379255,2026-09-29 15:34:32.776024,2026-09-29 15:36:17.826159,0 days 00:01:45.050135,512,0.0975990992289793,64,0.0007341732292197032,COMPLETE
8,0.04161654536922773,2026-09-29 15:36:18.115923,2026-09-29 15:39:38.018262,0 days 00:03:19.902339,256,0.2406590942262119,64,0.000356181942760077,COMPLETE
9,0.029373427232106526,2026-09-29 15:39:38.316352,2026-09-29 15:41:23.901039,0 days 00:01:45.584687,512,0.21870215041229618,64,0.0017717057775181906,COMPLETE
10,0.027585489054520924,2026-09-29 15:41:24.206131,2026-09-29 15:43:54.638787,0 days 00:02:30.432656,256,0.0017991548867452023,32,0.0027967803877874393,COMPLETE
11,0.02851386492451032,2026-09-29 15:43:54.870354,2026-09-29 15:46:00.306199,0 days 00:02:05.435845,256,0.011617559988354953,32,0.0029122145358296725,COMPLETE
12,0.027686990176637966,2026-09-29 15:46:00.440844,2026-09-29 15:48:45.121217,0 days 00:02:44.680373,256,0.002890800155276437,32,0.0019212423837115743,COMPLETE
13,0.032338074098030724,2026-09-29 15:48:45.463778,2026-09-29 15:51:38.970749,0 days 00:02:53.506971,256,0.008426718634885387,32,0.001571598654179142,COMPLETE
14,0.03100494295358658,2026-09-29 15:51:39.287037,2026-09-29 15:54:05.067500,0 days 00:02:25.780463,256,0.05463153044757074,32,0.002309000619987536,COMPLETE
15,0.03328652990361055,2026-09-29 15:54:05.406024,2026-09-29 15:57:14.060729,0 days 00:03:08.654705,256,0.05606322257647715,32,0.0013235980062397917,COMPLETE
16,0.035288204128543534,2026-09-29 15:57:14.423889,2026-09-29 16:00:37.145327,0 days 00:03:22.721438,256,0.03963105195119123,32,0.0009086774438815887,COMPLETE
17,0.029982295508186024,2026-09-29 16:00:37.474879,2026-09-29 16:02:44.293167,0 days 00:02:06.818288,256,0.00047330898055854905,32,0.0029955991132881547,COMPLETE
18,0.0317494614670674,2026-09-29 16:02:44.585570,2026-09-29 16:05:35.297187,0 days 00:02:50.711617,256,0.10170424334117892,32,0.0019350855640979778,COMPLETE
19,0.04982556402683258,2026-09-29 16:05:35.590987,2026-09-29 16:06:36.209719,0 days 00:01:00.618732,1024,0.034880569192363764,32,0.0015659990371868753,COMPLETE
