number,value,datetime_start,datetime_complete,duration,params_batch_size,params_dropout,params_hidden,params_learning_rate,state
0,0.0796710525949796,2026-09-29 14:51:28.789104,2026-09-29 14:52:01.051682,0 days 00:00:32.262578,1024,0.17959754525911098,64,0.0004296748115469076,COMPLETE
1,0.028641826162735622,2026-09-29 14:52:01.177420,2026-09-29 14:52:49.879202,0 days 00:00:48.701782,256,0.29097295564859826,64,0.0020396887264773375,COMPLETE
2,0.0625709096590678,2026-09-29 14:52:50.007726,2026-09-29 14:53:08.647385,0 days 00:00:18.639659,1024,0.08736874205941257,64,0.0012273661723331349,COMPLETE
3,0.04711885626117388,2026-09-29 14:53:08.773430,2026-09-29 14:53:41.263470,0 days 00:00:32.490040,512,0.15427033152408348,64,0.0011736424885649085,COMPLETE
4,0.05304304137825966,2026-09-29 14:53:41.442667,2026-09-29 14:54:20.953037,0 days 00:00:39.510370,512,0.24251920443493832,128,0.0006049716507542575,COMPLETE
5,0.05502589667836825,2026-09-29 14:54:21.090563,2026-09-29 14:57:45.476765,0 days 00:03:24.386202,256,0.2727961206236346,64,0.0005443788406047074,COMPLETE
6,0.039154273768266044,2026-09-29 14:57:45.771076,2026-09-29 14:58:35.031964,0 days 00:00:49.260888,1024,0.23253984700833435,128,0.0026098779385539945,COMPLETE
7,0.06010202566782633,2026-09-29 14:58:35.326009,2026-09-29 14:59:29.289053,0 days 00:00:53.963044,512,0.0975990992289793,64,0.0007341732292197032,COMPLETE
8,0.06262774517138799,2026-09-29 14:59:29.409667,2026-09-29 15:01:09.057103,0 days 00:01:39.647436,256,0.2406590942262119,64,0.000356181942760077,COMPLETE
9,0.04389302432537079,2026-09-29 15:01:09.354322,2026-09-29 15:02:36.046865,0 days 00:01:26.692543,512,0.21870215041229618,64,0.0017717057775181906,COMPLETE
10,0.02647780254483223,2026-09-29 15:02:36.347553,2026-09-29 15:04:31.246456,0 days 00:01:54.898903,256,0.0017991548867452023,32,0.0027967803877874393,COMPLETE
11,0.025005686407287914,2026-09-29 15:04:31.369924,2026-09-29 15:05:18.980047,0 days 00:00:47.610123,256,0.011617559988354953,32,0.0029122145358296725,COMPLETE
12,0.02539238395790259,2026-09-29 15:05:19.273089,2026-09-29 15:06:23.469975,0 days 00:01:04.196886,256,0.0012114744506958267,32,0.0029714391497346945,COMPLETE
13,0.025479448959231377,2026-09-29 15:06:23.606348,2026-09-29 15:07:39.763119,0 days 00:01:16.156771,256,0.008285653234477934,32,0.0029774397082654373,COMPLETE
14,0.028716933603088062,2026-09-29 15:07:40.051730,2026-09-29 15:10:23.994314,0 days 00:02:43.942584,256,0.05129725931047853,32,0.0017854218805900901,COMPLETE
15,0.02917400064567725,2026-09-29 15:10:24.310615,2026-09-29 15:13:33.752598,0 days 00:03:09.441983,256,0.06018537330331729,32,0.0013469666683386503,COMPLETE
16,0.027119378248850506,2026-09-29 15:13:34.049671,2026-09-29 15:16:06.088029,0 days 00:02:32.038358,256,0.036326968152982766,32,0.0021519187756202365,COMPLETE
17,0.027253904690345127,2026-09-29 15:16:06.374118,2026-09-29 15:18:23.308941,0 days 00:02:16.934823,256,0.11364539398759473,32,0.0023369242507992128,COMPLETE
18,0.02726982596019904,2026-09-29 15:18:23.626292,2026-09-29 15:21:23.065776,0 days 00:02:59.439484,256,0.021283240926875023,32,0.0014633586082891186,COMPLETE
19,0.06759568303823471,2026-09-29 15:21:23.351529,2026-09-29 15:22:20.790639,0 days 00:00:57.439110,1024,0.07049260323295334,32,0.0009310940889498786,COMPLETE
